<?xml version="1.0" encoding="UTF-8"?>
<testsuite xmlns:xsi="http://www.w3.org/2001/XMLSchema-instance" xsi:noNamespaceSchemaLocation="https://maven.apache.org/surefire/maven-surefire-plugin/xsd/surefire-test-report.xsd" name="com.dungeon.DatabaseConnectionTest" time="7.679" tests="3" errors="0" skipped="0" failures="0">
  <properties>
[...]
</properties>
  <testcase name="testDatabaseConnection" classname="com.dungeon.DatabaseConnectionTest" time="0.981"/>
  <testcase name="testDatabaseQuery" classname="com.dungeon.DatabaseConnectionTest" time="0.019"/>
  <testcase name="testDataSourceConfiguration" classname="com.dungeon.DatabaseConnectionTest" time="0.003"/>
</testsuite>